Loaded claygl, version 1.1.0
echarts-gl.min.js:1:273639
Error: echarts version is too old, needs 4.0.3 or higher
echarts-gl.min.js:1:273513
no geo for 上饶
geo-map-scatter.html:282:13
no geo for 赣州
geo-map-scatter.html:282:13
no geo for 邵阳
geo-map-scatter.html:282:13
no geo for 玉林
geo-map-scatter.html:282:13
no geo for 莆田
geo-map-scatter.html:282:13
no geo for 永州
geo-map-scatter.html:282:13
no geo for 南平
geo-map-scatter.html:282:13
no geo for 孝感
geo-map-scatter.html:282:13
no geo for 宿州
geo-map-scatter.html:282:13
no geo for 新乡
geo-map-scatter.html:282:13
no geo for 衡阳
geo-map-scatter.html:282:13
no geo for 黄冈
geo-map-scatter.html:282:13
no geo for 广元
geo-map-scatter.html:282:13
no geo for 钦州
geo-map-scatter.html:282:13
no geo for 内江
geo-map-scatter.html:282:13
no geo for 随州
geo-map-scatter.html:282:13
no geo for 萍乡
geo-map-scatter.html:282:13
no geo for 通辽
geo-map-scatter.html:282:13
no geo for 资阳
geo-map-scatter.html:282:13
no geo for 汉中
geo-map-scatter.html:282:13
no geo for 淮南
geo-map-scatter.html:282:13
no geo for 阜阳
geo-map-scatter.html:282:13
no geo for 怀化
geo-map-scatter.html:282:13
no geo for 辽阳
geo-map-scatter.html:282:13
no geo for 黄石
geo-map-scatter.html:282:13
no geo for 襄樊
geo-map-scatter.html:282:13
no geo for 荆门
geo-map-scatter.html:282:13
no geo for 通化
geo-map-scatter.html:282:13
no geo for 漳州
geo-map-scatter.html:282:13
no geo for 铜仁
geo-map-scatter.html:282:13
no geo for 南阳
geo-map-scatter.html:282:13
no geo for 信阳
geo-map-scatter.html:282:13
no geo for 百色
geo-map-scatter.html:282:13
no geo for 鹰潭
geo-map-scatter.html:282:13
no geo for 宜春
geo-map-scatter.html:282:13
no geo for 朔州
geo-map-scatter.html:282:13
no geo for 广安
geo-map-scatter.html:282:13
no geo for 湘西土家族苗族自治州
geo-map-scatter.html:282:13
no geo for 益阳
geo-map-scatter.html:282:13
no geo for 吉安
geo-map-scatter.html:282:13
no geo for 鹤岗
geo-map-scatter.html:282:13
no geo for 安庆
geo-map-scatter.html:282:13
no geo for 景德镇
geo-map-scatter.html:282:13
no geo for 眉山
geo-map-scatter.html:282:13
no geo for 梧州
geo-map-scatter.html:282:13
no geo for 河池
geo-map-scatter.html:282:13
no geo for 毕节
geo-map-scatter.html:282:13
no geo for 六安
geo-map-scatter.html:282:13
no geo for 新北市
geo-map-scatter.html:282:13
no geo for 凉山彝族自治州
geo-map-scatter.html:282:13
no geo for 白山
geo-map-scatter.html:282:13
no geo for 红河哈尼族彝族自治州
geo-map-scatter.html:282:13
no geo for 西双版纳傣族自治州
geo-map-scatter.html:282:13
no geo for 呼伦贝尔
geo-map-scatter.html:282:13
no geo for 台中市
geo-map-scatter.html:282:13
no geo for 延边朝鲜族自治州
geo-map-scatter.html:282:13
no geo for 乐山
geo-map-scatter.html:282:13
no geo for 遂宁
geo-map-scatter.html:282:13
no geo for 宣城
geo-map-scatter.html:282:13
no geo for 蚌埠
geo-map-scatter.html:282:13
no geo for 吕梁
geo-map-scatter.html:282:13
no geo for 贵港
geo-map-scatter.html:282:13
no geo for 新余
geo-map-scatter.html:282:13
no geo for 濮阳
geo-map-scatter.html:282:13
no geo for 驻马店
geo-map-scatter.html:282:13
no geo for 娄底
geo-map-scatter.html:282:13
no geo for 三明
geo-map-scatter.html:282:13
no geo for 宁德
geo-map-scatter.html:282:13
no geo for 铁岭
geo-map-scatter.html:282:13
no geo for 安康
geo-map-scatter.html:282:13
no geo for 佳木斯
geo-map-scatter.html:282:13
no geo for 黑河
geo-map-scatter.html:282:13
no geo for 昌吉回族自治州
geo-map-scatter.html:282:13
no geo for 台南市
geo-map-scatter.html:282:13
no geo for 池州
geo-map-scatter.html:282:13
no geo for 黔东南苗族侗族自治州
geo-map-scatter.html:282:13
no geo for 黔南布依族苗族自治州
geo-map-scatter.html:282:13
no geo for 黔西南布依族苗族自治州
geo-map-scatter.html:282:13
no geo for 哈密
geo-map-scatter.html:282:13
no geo for 晋城
geo-map-scatter.html:282:13
no geo for 伊犁哈萨克自治州
geo-map-scatter.html:282:13
no geo for 大兴安岭地区
geo-map-scatter.html:282:13
no geo for 乌兰察布
geo-map-scatter.html:282:13
no geo for 石河子
geo-map-scatter.html:282:13
no geo for 通辽
geo-map-scatter.html:282:13
no geo for 阜新
geo-map-scatter.html:282:13
no geo for 大理白族自治州
geo-map-scatter.html:282:13
no geo for 丽江
geo-map-scatter.html:282:13
no geo for 榆林
geo-map-scatter.html:282:13
no geo for 保山
geo-map-scatter.html:282:13
no geo for 普洱
geo-map-scatter.html:282:13
no geo for 周口
geo-map-scatter.html:282:13
no geo for 四平
geo-map-scatter.html:282:13
no geo for 桃园市
geo-map-scatter.html:282:13
no geo for 鹤壁
geo-map-scatter.html:282:13
no geo for 铜陵
geo-map-scatter.html:282:13
no geo for 贺州
geo-map-scatter.html:282:13
no geo for 龙岩
geo-map-scatter.html:282:13
no geo for 日喀则
geo-map-scatter.html:282:13
no geo for 安顺
geo-map-scatter.html:282:13
no geo for 屏东县
geo-map-scatter.html:282:13
no geo for 宜兰县
geo-map-scatter.html:282:13
no geo for 台北市
geo-map-scatter.html:282:13
no geo for 云林县
geo-map-scatter.html:282:13
no geo for 兴安盟
geo-map-scatter.html:282:13
no geo for 乌海
geo-map-scatter.html:282:13
no geo for 绥化
geo-map-scatter.html:282:13
no geo for 鸡西
geo-map-scatter.html:282:13
no geo for 巴彦淖尔
geo-map-scatter.html:282:13
no geo for 海东
geo-map-scatter.html:282:13
no geo for 商丘
geo-map-scatter.html:282:13
no geo for 漯河
geo-map-scatter.html:282:13
no geo for 七台河
geo-map-scatter.html:282:13
no geo for 抚州
geo-map-scatter.html:282:13
no geo for 许昌
geo-map-scatter.html:282:13
no geo for 阿克苏地区
geo-map-scatter.html:282:13
no geo for 博尔塔拉蒙古自治州
geo-map-scatter.html:282:13
no geo for 防城港
geo-map-scatter.html:282:13
no geo for 儋州
geo-map-scatter.html:282:13
no geo for 昌江黎族自治县
geo-map-scatter.html:282:13
no geo for 来宾
geo-map-scatter.html:282:13
no geo for 琼海
geo-map-scatter.html:282:13
no geo for 十堰
geo-map-scatter.html:282:13
no geo for 咸宁
geo-map-scatter.html:282:13
no geo for 恩施土家族苗族自治州
geo-map-scatter.html:282:13
no geo for 运城
geo-map-scatter.html:282:13
no geo for 鄂州
geo-map-scatter.html:282:13
no geo for 晋中
geo-map-scatter.html:282:13
no geo for 忻州
geo-map-scatter.html:282:13
no geo for 滁州
geo-map-scatter.html:282:13
no geo for 淮北
geo-map-scatter.html:282:13
no geo for 郴州
geo-map-scatter.html:282:13
no geo for 雅安
geo-map-scatter.html:282:13
no geo for 达州
geo-map-scatter.html:282:13
no geo for 天水
geo-map-scatter.html:282:13
no geo for 张掖
geo-map-scatter.html:282:13
no geo for 白银
geo-map-scatter.html:282:13
no geo for 酒泉
geo-map-scatter.html:282:13
no geo for 甘孜藏族自治州
geo-map-scatter.html:282:13
no geo for 白城
geo-map-scatter.html:282:13
no geo for 彰化县
geo-map-scatter.html:282:13
